<?xml version="1.0" encoding="UTF-8"?>
<testsuite name="com.alexOssin.MainTest" tests="4" skipped="0" failures="0" errors="0" timestamp="2023-01-05T09:15:20" hostname="it031147.local" time="0.034">
  <properties/>
  <testcase name="processEmptyFile()" classname="com.alexOssin.MainTest" time="0.009"/>
  <testcase name="processNotValidInput_noFirstFieldInARow()" classname="com.alexOssin.MainTest" time="0.004"/>
  <testcase name="processValidInput_loopDiagramOneGroup()" classname="com.alexOssin.MainTest" time="0.007"/>
  <testcase name="processValidInput_twoGroups()" classname="com.alexOssin.MainTest" time="0.004"/>
  <system-out><![CDATA[]]></system-out>
  <system-err><![CDATA[]]></system-err>
</testsuite>
